[0.009s] Invoking command in '/home/proto/Manipulator/DynamixelSDK/build/dynamixel_sdk_inf': /usr/bin/cmake --build /home/proto/Manipulator/DynamixelSDK/build/dynamixel_sdk_inf -- -j8 -l8
[0.040s] -- Found ament_cmake: 1.3.4 (/opt/ros/humble/share/ament_cmake/cmake)
[0.161s] Traceback (most recent call last):
[0.161s]   File "/opt/ros/humble/share/ament_cmake_core/cmake/package_templates/templates_2_cmake.py", line 21, in <module>
[0.161s]     from ament_package.templates import get_environment_hook_template_path
[0.161s] ModuleNotFoundError: No module named 'ament_package'
[0.173s] [31mCMake Error at /opt/ros/humble/share/ament_cmake_core/cmake/ament_cmake_package_templates-extras.cmake:41 (message):
[0.173s]   execute_process(/usr/bin/python3.10
[0.173s]   /opt/ros/humble/share/ament_cmake_core/cmake/package_templates/templates_2_cmake.py
[0.173s]   /home/proto/Manipulator/DynamixelSDK/build/dynamixel_sdk_inf/ament_cmake_package_templates/templates.cmake)
[0.173s]   returned error code 1
[0.173s] Call Stack (most recent call first):
[0.173s]   /opt/ros/humble/share/ament_cmake_core/cmake/ament_cmake_coreConfig.cmake:41 (include)
[0.173s]   /opt/ros/humble/share/ament_cmake/cmake/ament_cmake_export_dependencies-extras.cmake:15 (find_package)
[0.173s]   /opt/ros/humble/share/ament_cmake/cmake/ament_cmakeConfig.cmake:41 (include)
[0.173s]   CMakeLists.txt:19 (find_package)
[0.173s] 
[0.173s] [0m
[0.173s] -- Configuring incomplete, errors occurred!
[0.173s] See also "/home/proto/Manipulator/DynamixelSDK/build/dynamixel_sdk_inf/CMakeFiles/CMakeOutput.log".
[0.175s] gmake: *** [Makefile:1179: cmake_check_build_system] Error 1
[0.176s] Invoked command in '/home/proto/Manipulator/DynamixelSDK/build/dynamixel_sdk_inf' returned '2': /usr/bin/cmake --build /home/proto/Manipulator/DynamixelSDK/build/dynamixel_sdk_inf -- -j8 -l8
