[35m[1mConsolidate compiler generated dependencies of target position_torque_control[0m
[ 12%] [32mBuilding CXX object CMakeFiles/position_control.dir/src/position_control.cpp.o[0m
[ 25%] [32mBuilding CXX object CMakeFiles/set_pose.dir/src/position_pub.cpp.o[0m
[ 37%] [32mBuilding CXX object CMakeFiles/init_component.dir/src/init_component.cpp.o[0m
[ 50%] [32mBuilding CXX object CMakeFiles/position_torque_control.dir/src/pos_torque_control.cpp.o[0m
[01m[K/home/proto/Manipulator/DynamixelSDK/src/motor_setup/src/pos_torque_control.cpp:[m[K In lambda function:
[01m[K/home/proto/Manipulator/DynamixelSDK/src/motor_setup/src/pos_torque_control.cpp:100:38:[m[K [01;31m[Kerror: [m[Kâ€˜[01m[Kusing element_type = struct dynamixel_sdk_inf::srv::SetMode_Request_<std::allocator<void> >[m[Kâ€™ {aka â€˜[01m[Kstruct dynamixel_sdk_inf::srv::SetMode_Request_<std::allocator<void> >[m[Kâ€™} has no member named â€˜[01m[Kmotor_ids[m[Kâ€™
  100 |         for (uint8_t m_id : request->[01;31m[Kmotor_ids[m[K) {
      |                                      [01;31m[K^~~~~~~~~[m[K
[01m[K/home/proto/Manipulator/DynamixelSDK/src/motor_setup/src/pos_torque_control.cpp:111:27:[m[K [01;31m[Kerror: [m[Kâ€˜[01m[Kusing element_type = struct dynamixel_sdk_inf::srv::SetMode_Response_<std::allocator<void> >[m[Kâ€™ {aka â€˜[01m[Kstruct dynamixel_sdk_inf::srv::SetMode_Response_<std::allocator<void> >[m[Kâ€™} has no member named â€˜[01m[Kset[m[Kâ€™
  111 |                 response->[01;31m[Kset[m[K = false;
      |                           [01;31m[K^~~[m[K
[01m[K/home/proto/Manipulator/DynamixelSDK/src/motor_setup/src/init_component.cpp:[m[K In constructor â€˜[01m[Kmotor_setup::SetupDynamixel::SetupDynamixel(const rclcpp::NodeOptions&)[m[Kâ€™:
[01m[K/home/proto/Manipulator/DynamixelSDK/src/motor_setup/src/init_component.cpp:59:14:[m[K [01;35m[Kwarning: [m[Kvariable â€˜[01m[KQOS_RKL10V[m[Kâ€™ set but not used [[01;35m[K]8;;https://gcc.gnu.org/onlinedocs/gcc/Warning-Options.html#index-Wunused-but-set-variable-Wunused-but-set-variable]8;;[m[K]
   59 |   const auto [01;35m[KQOS_RKL10V[m[K =
      |              [01;35m[K^~~~~~~~~~[m[K
[ 62%] [32m[1mLinking CXX shared library libinit_component.so[0m
[ 62%] Built target init_component
[ 75%] [32m[1mLinking CXX executable set_pose[0m
gmake[2]: *** [CMakeFiles/position_torque_control.dir/build.make:76: CMakeFiles/position_torque_control.dir/src/pos_torque_control.cpp.o] Error 1
gmake[1]: *** [CMakeFiles/Makefile2:221: CMakeFiles/position_torque_control.dir/all] Error 2
gmake[1]: *** Waiting for unfinished jobs....
[ 75%] Built target set_pose
[ 87%] [32m[1mLinking CXX shared library libposition_control.so[0m
[ 87%] Built target position_control
gmake: *** [Makefile:146: all] Error 2
