In file included from [01m[K/home/proto/Manipulator/DynamixelSDK/src/motor_setup/src/pos_torque_control.cpp:1[m[K:
[01m[K/home/proto/Manipulator/DynamixelSDK/src/motor_setup/include/motor_setup/pos_torque_control.hpp:36:19:[m[K [01;31m[Kerror: [m[Kâ€˜[01m[KSetTorquectrl[m[Kâ€™ was not declared in this scope; did you mean â€˜[01m[KSetTorque[m[Kâ€™?
   36 |   rclcpp::Service<[01;31m[KSetTorquectrl[m[K>::SharedPtr set_torque_mode_server_;
      |                   [01;31m[K^~~~~~~~~~~~~[m[K
      |                   [32m[KSetTorque[m[K
[01m[K/home/proto/Manipulator/DynamixelSDK/src/motor_setup/include/motor_setup/pos_torque_control.hpp:36:32:[m[K [01;31m[Kerror: [m[Ktemplate argument 1 is invalid
   36 |   rclcpp::Service<SetTorquectrl[01;31m[K>[m[K::SharedPtr set_torque_mode_server_;
      |                                [01;31m[K^[m[K
[01m[K/home/proto/Manipulator/DynamixelSDK/src/motor_setup/include/motor_setup/pos_torque_control.hpp:36:35:[m[K [01;31m[Kerror: [m[Kexpected â€˜[01m[K;[m[Kâ€™ at end of member declaration
   36 |   rclcpp::Service<SetTorquectrl>::[01;31m[KSharedPtr[m[K set_torque_mode_server_;
      |                                   [01;31m[K^~~~~~~~~[m[K
      |                                            [32m[K;[m[K
[01m[K/home/proto/Manipulator/DynamixelSDK/src/motor_setup/include/motor_setup/pos_torque_control.hpp:36:45:[m[K [01;31m[Kerror: [m[Kâ€˜[01m[Kset_torque_mode_server_[m[Kâ€™ does not name a type
   36 |   rclcpp::Service<SetTorquectrl>::SharedPtr [01;31m[Kset_torque_mode_server_[m[K;
      |                                             [01;31m[K^~~~~~~~~~~~~~~~~~~~~~~[m[K
[01m[K/home/proto/Manipulator/DynamixelSDK/src/motor_setup/src/pos_torque_control.cpp:[m[K In constructor â€˜[01m[Kmotor_setup::PosTorqueControl::PosTorqueControl(const rclcpp::NodeOptions&)[m[Kâ€™:
[01m[K/home/proto/Manipulator/DynamixelSDK/src/motor_setup/src/pos_torque_control.cpp:119:3:[m[K [01;31m[Kerror: [m[Kâ€˜[01m[Kset_torque_mode_server_[m[Kâ€™ was not declared in this scope
  119 |   [01;31m[Kset_torque_mode_server_[m[K = create_service<SetId>("set_id", set_torque_control_mode);
      |   [01;31m[K^~~~~~~~~~~~~~~~~~~~~~~[m[K
gmake[2]: *** [CMakeFiles/position_torque_control.dir/build.make:76: CMakeFiles/position_torque_control.dir/src/pos_torque_control.cpp.o] Error 1
gmake[1]: *** [CMakeFiles/Makefile2:221: CMakeFiles/position_torque_control.dir/all] Error 2
gmake: *** [Makefile:146: all] Error 2
