[0.007s] Invoking command in '/home/proto/Manipulator/DynamixelSDK/build/motor_setup': AMENT_PREFIX_PATH=/home/proto/Manipulator/DynamixelSDK/install/dynamixel_sdk_inf:/home/proto/Manipulator/DynamixelSDK/install/dynamixel_sdk:${AMENT_PREFIX_PATH} CMAKE_PREFIX_PATH=/home/proto/Manipulator/DynamixelSDK/install/dynamixel_sdk_inf:/home/proto/Manipulator/DynamixelSDK/install/dynamixel_sdk:/opt/ros/humble LD_LIBRARY_PATH=/home/proto/Manipulator/DynamixelSDK/install/dynamixel_sdk_inf/lib:/home/proto/Manipulator/DynamixelSDK/install/dynamixel_sdk/lib:${LD_LIBRARY_PATH} PYTHONPATH=/home/proto/Manipulator/DynamixelSDK/install/dynamixel_sdk_inf/local/lib/python3.10/dist-packages:${PYTHONPATH} /usr/bin/cmake --build /home/proto/Manipulator/DynamixelSDK/build/motor_setup -- -j8 -l8
[0.039s] [35m[1mConsolidate compiler generated dependencies of target init_component[0m
[0.039s] [35m[1mConsolidate compiler generated dependencies of target position_control[0m
[0.044s] [35m[1mConsolidate compiler generated dependencies of target position_torque_control[0m
[0.045s] [35m[1mConsolidate compiler generated dependencies of target set_pose[0m
[0.057s] [ 25%] Built target position_control
[0.061s] [ 37%] [32mBuilding CXX object CMakeFiles/position_torque_control.dir/src/pos_torque_control.cpp.o[0m
[0.062s] [ 75%] Built target set_pose
[0.062s] [ 87%] Built target init_component
[1.828s] In file included from [01m[K/home/proto/Manipulator/DynamixelSDK/src/motor_setup/src/pos_torque_control.cpp:1[m[K:
[1.828s] [01m[K/home/proto/Manipulator/DynamixelSDK/src/motor_setup/include/motor_setup/pos_torque_control.hpp:36:19:[m[K [01;31m[Kerror: [m[Kâ€˜[01m[KSetTorquectrl[m[Kâ€™ was not declared in this scope; did you mean â€˜[01m[KSetTorque[m[Kâ€™?
[1.828s]    36 |   rclcpp::Service<[01;31m[KSetTorquectrl[m[K>::SharedPtr set_torque_mode_server_;
[1.829s]       |                   [01;31m[K^~~~~~~~~~~~~[m[K
[1.829s]       |                   [32m[KSetTorque[m[K
[1.829s] [01m[K/home/proto/Manipulator/DynamixelSDK/src/motor_setup/include/motor_setup/pos_torque_control.hpp:36:32:[m[K [01;31m[Kerror: [m[Ktemplate argument 1 is invalid
[1.829s]    36 |   rclcpp::Service<SetTorquectrl[01;31m[K>[m[K::SharedPtr set_torque_mode_server_;
[1.829s]       |                                [01;31m[K^[m[K
[1.829s] [01m[K/home/proto/Manipulator/DynamixelSDK/src/motor_setup/include/motor_setup/pos_torque_control.hpp:36:35:[m[K [01;31m[Kerror: [m[Kexpected â€˜[01m[K;[m[Kâ€™ at end of member declaration
[1.829s]    36 |   rclcpp::Service<SetTorquectrl>::[01;31m[KSharedPtr[m[K set_torque_mode_server_;
[1.829s]       |                                   [01;31m[K^~~~~~~~~[m[K
[1.829s]       |                                            [32m[K;[m[K
[1.831s] [01m[K/home/proto/Manipulator/DynamixelSDK/src/motor_setup/include/motor_setup/pos_torque_control.hpp:36:45:[m[K [01;31m[Kerror: [m[Kâ€˜[01m[Kset_torque_mode_server_[m[Kâ€™ does not name a type
[1.831s]    36 |   rclcpp::Service<SetTorquectrl>::SharedPtr [01;31m[Kset_torque_mode_server_[m[K;
[1.831s]       |                                             [01;31m[K^~~~~~~~~~~~~~~~~~~~~~~[m[K
[1.852s] [01m[K/home/proto/Manipulator/DynamixelSDK/src/motor_setup/src/pos_torque_control.cpp:[m[K In constructor â€˜[01m[Kmotor_setup::PosTorqueControl::PosTorqueControl(const rclcpp::NodeOptions&)[m[Kâ€™:
[1.852s] [01m[K/home/proto/Manipulator/DynamixelSDK/src/motor_setup/src/pos_torque_control.cpp:119:3:[m[K [01;31m[Kerror: [m[Kâ€˜[01m[Kset_torque_mode_server_[m[Kâ€™ was not declared in this scope
[1.852s]   119 |   [01;31m[Kset_torque_mode_server_[m[K = create_service<SetId>("set_id", set_torque_control_mode);
[1.853s]       |   [01;31m[K^~~~~~~~~~~~~~~~~~~~~~~[m[K
[3.922s] gmake[2]: *** [CMakeFiles/position_torque_control.dir/build.make:76: CMakeFiles/position_torque_control.dir/src/pos_torque_control.cpp.o] Error 1
[3.923s] gmake[1]: *** [CMakeFiles/Makefile2:221: CMakeFiles/position_torque_control.dir/all] Error 2
[3.923s] gmake: *** [Makefile:146: all] Error 2
[3.925s] Invoked command in '/home/proto/Manipulator/DynamixelSDK/build/motor_setup' returned '2': AMENT_PREFIX_PATH=/home/proto/Manipulator/DynamixelSDK/install/dynamixel_sdk_inf:/home/proto/Manipulator/DynamixelSDK/install/dynamixel_sdk:${AMENT_PREFIX_PATH} CMAKE_PREFIX_PATH=/home/proto/Manipulator/DynamixelSDK/install/dynamixel_sdk_inf:/home/proto/Manipulator/DynamixelSDK/install/dynamixel_sdk:/opt/ros/humble LD_LIBRARY_PATH=/home/proto/Manipulator/DynamixelSDK/install/dynamixel_sdk_inf/lib:/home/proto/Manipulator/DynamixelSDK/install/dynamixel_sdk/lib:${LD_LIBRARY_PATH} PYTHONPATH=/home/proto/Manipulator/DynamixelSDK/install/dynamixel_sdk_inf/local/lib/python3.10/dist-packages:${PYTHONPATH} /usr/bin/cmake --build /home/proto/Manipulator/DynamixelSDK/build/motor_setup -- -j8 -l8
