[35m[1mConsolidate compiler generated dependencies of target position_torque_control[0m
[ 25%] Built target set_pose
[ 87%] Built target position_control
[ 87%] [32mBuilding CXX object CMakeFiles/position_torque_control.dir/src/pos_torque_control.cpp.o[0m
[ 87%] Built target init_component
[01m[K/home/proto/Manipulator/DynamixelSDK/src/motor_setup/src/pos_torque_control.cpp:[m[K In lambda function:
[01m[K/home/proto/Manipulator/DynamixelSDK/src/motor_setup/src/pos_torque_control.cpp:160:1:[m[K [01;31m[Kerror: [m[Kâ€˜[01m[KIf[m[Kâ€™ was not declared in this scope
  160 | [01;31m[KIf[m[K you use a value between 0 ~ 1,023, torque is applied to the CCW direction, and setting it to 0 will stops.
      | [01;31m[K^~[m[K
[01m[K/home/proto/Manipulator/DynamixelSDK/src/motor_setup/src/pos_torque_control.cpp:171:11:[m[K [01;31m[Kerror: [m[Kâ€˜[01m[Kgoal_torque[m[Kâ€™ was not declared in this scope; did you mean â€˜[01m[Kaddr_goal_torque[m[Kâ€™?
  171 |           [01;31m[Kgoal_torque[m[K,
      |           [01;31m[K^~~~~~~~~~~[m[K
      |           [32m[Kaddr_goal_torque[m[K
gmake[2]: *** [CMakeFiles/position_torque_control.dir/build.make:76: CMakeFiles/position_torque_control.dir/src/pos_torque_control.cpp.o] Error 1
gmake[1]: *** [CMakeFiles/Makefile2:221: CMakeFiles/position_torque_control.dir/all] Error 2
gmake: *** [Makefile:146: all] Error 2
