-- Found ament_cmake: 1.3.4 (/opt/ros/humble/share/ament_cmake/cmake)
-- Found rclcpp: 16.0.4 (/opt/ros/humble/share/rclcpp/cmake)
-- Found rosidl_generator_c: 3.1.4 (/opt/ros/humble/share/rosidl_generator_c/cmake)
-- Found rosidl_adapter: 3.1.4 (/opt/ros/humble/share/rosidl_adapter/cmake)
-- Found rosidl_generator_cpp: 3.1.4 (/opt/ros/humble/share/rosidl_generator_cpp/cmake)
-- Using all available rosidl_typesupport_c: rosidl_typesupport_fastrtps_c;rosidl_typesupport_introspection_c
-- Using all available rosidl_typesupport_cpp: rosidl_typesupport_fastrtps_cpp;rosidl_typesupport_introspection_cpp
-- Found rmw_implementation_cmake: 6.1.1 (/opt/ros/humble/share/rmw_implementation_cmake/cmake)
-- Found rmw_fastrtps_cpp: 6.2.2 (/opt/ros/humble/share/rmw_fastrtps_cpp/cmake)
-- Using RMW implementation 'rmw_fastrtps_cpp' as default
-- Found rclcpp_components: 16.0.4 (/opt/ros/humble/share/rclcpp_components/cmake)
-- Found composition: 0.20.3 (/opt/ros/humble/share/composition/cmake)
-- Found dynamixel_sdk: 3.7.40 (/home/proto/Manipulator/DynamixelSDK/install/dynamixel_sdk/share/dynamixel_sdk/cmake)
-- Found dynamixel_sdk_inf: 3.7.40 (/home/proto/Manipulator/DynamixelSDK/install/dynamixel_sdk_inf/share/dynamixel_sdk_inf/cmake)
-- Found ament_lint_auto: 0.12.6 (/opt/ros/humble/share/ament_lint_auto/cmake)
-- Added test 'copyright' to check source files copyright and LICENSE
-- Added test 'cppcheck' to perform static code analysis on C / C++ code
-- Configured cppcheck include dirs: /home/proto/Manipulator/DynamixelSDK/src/motor_setup/include
-- Configured cppcheck exclude dirs and/or files: 
-- Added test 'cpplint' to check C / C++ code against the Google style
-- Configured cpplint exclude dirs and/or files: 
-- Added test 'flake8' to check Python code syntax and style conventions
-- Added test 'lint_cmake' to check CMake code style
-- Added test 'pep257' to check Python code against some of the docstring style conventions in PEP 257
-- Added test 'uncrustify' to check C / C++ code style
-- Configured uncrustify additional arguments: 
-- Added test 'xmllint' to check XML markup files
-- Configuring done
-- Generating done
-- Build files have been written to: /home/proto/Manipulator/DynamixelSDK/build/motor_setup
[35m[1mConsolidate compiler generated dependencies of target init_component[0m
[35m[1mConsolidate compiler generated dependencies of target set_pose[0m
[35m[1mConsolidate compiler generated dependencies of target position_control[0m
[ 12%] [32mBuilding CXX object CMakeFiles/position_torque_control.dir/src/pos_torque_control.cpp.o[0m
[ 25%] [32mBuilding CXX object CMakeFiles/init_component.dir/src/init_component.cpp.o[0m
[ 37%] [32mBuilding CXX object CMakeFiles/set_pose.dir/src/position_pub.cpp.o[0m
[ 50%] [32mBuilding CXX object CMakeFiles/position_control.dir/src/position_control.cpp.o[0m
In file included from [01m[K/home/proto/Manipulator/DynamixelSDK/src/motor_setup/src/pos_torque_control.cpp:1[m[K:
[01m[K/home/proto/Manipulator/DynamixelSDK/src/motor_setup/include/motor_setup/pos_torque_control.hpp:36:19:[m[K [01;31m[Kerror: [m[Kâ€˜[01m[KSetTorquectrl[m[Kâ€™ was not declared in this scope; did you mean â€˜[01m[KSetTorque[m[Kâ€™?
   36 |   rclcpp::Service<[01;31m[KSetTorquectrl[m[K>::SharedPtr set_torque_mode_server_;
      |                   [01;31m[K^~~~~~~~~~~~~[m[K
      |                   [32m[KSetTorque[m[K
[01m[K/home/proto/Manipulator/DynamixelSDK/src/motor_setup/include/motor_setup/pos_torque_control.hpp:36:32:[m[K [01;31m[Kerror: [m[Ktemplate argument 1 is invalid
   36 |   rclcpp::Service<SetTorquectrl[01;31m[K>[m[K::SharedPtr set_torque_mode_server_;
      |                                [01;31m[K^[m[K
[01m[K/home/proto/Manipulator/DynamixelSDK/src/motor_setup/include/motor_setup/pos_torque_control.hpp:36:35:[m[K [01;31m[Kerror: [m[Kexpected â€˜[01m[K;[m[Kâ€™ at end of member declaration
   36 |   rclcpp::Service<SetTorquectrl>::[01;31m[KSharedPtr[m[K set_torque_mode_server_;
      |                                   [01;31m[K^~~~~~~~~[m[K
      |                                            [32m[K;[m[K
[01m[K/home/proto/Manipulator/DynamixelSDK/src/motor_setup/include/motor_setup/pos_torque_control.hpp:36:45:[m[K [01;31m[Kerror: [m[Kâ€˜[01m[Kset_torque_mode_server_[m[Kâ€™ does not name a type
   36 |   rclcpp::Service<SetTorquectrl>::SharedPtr [01;31m[Kset_torque_mode_server_[m[K;
      |                                             [01;31m[K^~~~~~~~~~~~~~~~~~~~~~~[m[K
[01m[K/home/proto/Manipulator/DynamixelSDK/src/motor_setup/include/motor_setup/pos_torque_control.hpp:43:12:[m[K [01;31m[Kerror: [m[Kredeclaration of â€˜[01m[Kuint16_t motor_setup::PosTorqueControl::addr_present_position[m[Kâ€™
   43 |   uint16_t [01;31m[Kaddr_present_position[m[K;
      |            [01;31m[K^~~~~~~~~~~~~~~~~~~~~[m[K
[01m[K/home/proto/Manipulator/DynamixelSDK/src/motor_setup/include/motor_setup/pos_torque_control.hpp:42:12:[m[K [01;36m[Knote: [m[Kprevious declaration â€˜[01m[Kuint16_t motor_setup::PosTorqueControl::addr_present_position[m[Kâ€™
   42 |   uint16_t [01;36m[Kaddr_present_position[m[K;
      |            [01;36m[K^~~~~~~~~~~~~~~~~~~~~[m[K
[01m[K/home/proto/Manipulator/DynamixelSDK/src/motor_setup/src/pos_torque_control.cpp:[m[K In constructor â€˜[01m[Kmotor_setup::PosTorqueControl::PosTorqueControl(const rclcpp::NodeOptions&)[m[Kâ€™:
[01m[K/home/proto/Manipulator/DynamixelSDK/src/motor_setup/src/pos_torque_control.cpp:37:43:[m[K [01;31m[Kerror: [m[Kâ€˜[01m[Kaddr_goal_torque[m[Kâ€™ was not declared in this scope
   37 |   this->get_parameter("addr_goal_torque", [01;31m[Kaddr_goal_torque[m[K);
      |                                           [01;31m[K^~~~~~~~~~~~~~~~[m[K
[01m[K/home/proto/Manipulator/DynamixelSDK/src/motor_setup/src/pos_torque_control.cpp:119:3:[m[K [01;31m[Kerror: [m[Kâ€˜[01m[Kset_torque_mode_server_[m[Kâ€™ was not declared in this scope
  119 |   [01;31m[Kset_torque_mode_server_[m[K = create_service<SetId>("set_id", set_torque_control_mode);
      |   [01;31m[K^~~~~~~~~~~~~~~~~~~~~~~[m[K
[01m[K/home/proto/Manipulator/DynamixelSDK/src/motor_setup/src/pos_torque_control.cpp:[m[K In lambda function:
[01m[K/home/proto/Manipulator/DynamixelSDK/src/motor_setup/src/pos_torque_control.cpp:168:11:[m[K [01;31m[Kerror: [m[Kâ€˜[01m[Kaddr_goal_torque[m[Kâ€™ is not captured
  168 |           [01;31m[Kaddr_goal_torque[m[K,
      |           [01;31m[K^~~~~~~~~~~~~~~~[m[K
[01m[K/home/proto/Manipulator/DynamixelSDK/src/motor_setup/src/pos_torque_control.cpp:154:12:[m[K [01;36m[Knote: [m[Kthe lambda has no capture-default
  154 |       [this[01;36m[K][m[K(const SetTorque::SharedPtr msg) -> void
      |            [01;36m[K^[m[K
[01m[K/home/proto/Manipulator/DynamixelSDK/src/motor_setup/src/pos_torque_control.cpp:37:43:[m[K [01;36m[Knote: [m[Kâ€˜[01m[K<typeprefixerror>addr_goal_torque[m[Kâ€™ declared here
   37 |   this->get_parameter("addr_goal_torque", [01;36m[Kaddr_goal_torque[m[K);
      |                                           [01;36m[K^~~~~~~~~~~~~~~~[m[K
[01m[K/home/proto/Manipulator/DynamixelSDK/src/motor_setup/src/init_component.cpp:[m[K In constructor â€˜[01m[Kmotor_setup::SetupDynamixel::SetupDynamixel(const rclcpp::NodeOptions&)[m[Kâ€™:
[01m[K/home/proto/Manipulator/DynamixelSDK/src/motor_setup/src/init_component.cpp:59:14:[m[K [01;35m[Kwarning: [m[Kvariable â€˜[01m[KQOS_RKL10V[m[Kâ€™ set but not used [[01;35m[K]8;;https://gcc.gnu.org/onlinedocs/gcc/Warning-Options.html#index-Wunused-but-set-variable-Wunused-but-set-variable]8;;[m[K]
   59 |   const auto [01;35m[KQOS_RKL10V[m[K =
      |              [01;35m[K^~~~~~~~~~[m[K
[ 62%] [32m[1mLinking CXX shared library libinit_component.so[0m
[ 62%] Built target init_component
[ 75%] [32m[1mLinking CXX executable set_pose[0m
[ 75%] Built target set_pose
gmake[2]: *** [CMakeFiles/position_torque_control.dir/build.make:76: CMakeFiles/position_torque_control.dir/src/pos_torque_control.cpp.o] Error 1
gmake[1]: *** [CMakeFiles/Makefile2:221: CMakeFiles/position_torque_control.dir/all] Error 2
gmake[1]: *** Waiting for unfinished jobs....
[ 87%] [32m[1mLinking CXX shared library libposition_control.so[0m
[ 87%] Built target position_control
gmake: *** [Makefile:146: all] Error 2
